
> example-next@0.1.0 build
> next build

info  - Loaded env from /Users/sebastiancancino/Documents/datawheel/canon/example-next/.env.local
info  - Linting and checking validity of types...

Failed to compile.

./pages/index.js
26:7  Error: 'profileSearchConfig' is assigned a value but never used. Allowed unused vars must match /^_/u.  no-unused-vars

info  - Need to disable some ESLint rules? Learn more here: https://nextjs.org/docs/basic-features/eslint#disabling-rules
npm ERR! Lifecycle script `build` failed with error: 
npm ERR! Error: command failed 
npm ERR!   in workspace: example-next@0.1.0 
npm ERR!   at location: /Users/sebastiancancino/Documents/datawheel/canon/example-next 
